intermediates/manifest_merge_blame_file/debug/manifest-merger-blame-debug-report.txt
1<?xml version="1.0" encoding="utf-8"?>
2<manifest xmlns:android="http://schemas.android.com/apk/res/android"
3    package="com.altrudonationappaneke"
4    android:versionCode="1"
5    android:versionName="1.0" >
6
7    <uses-sdk
8        android:minSdkVersion="21"
9        android:targetSdkVersion="33" />
10
11    <uses-permission android:name="android.permission.SYSTEM_ALERT_WINDOW" />
11-->src\debug\AndroidManifest.xml:5:5-77
11-->src\debug\AndroidManifest.xml:5:22-75
12    <uses-permission android:name="android.permission.INTERNET" />
12-->src\main\AndroidManifest.xml:3:5-67
12-->src\main\AndroidManifest.xml:3:22-64
13    <uses-permission android:name="android.permission.ACCESS_WIFI_STATE" />
13-->[com.facebook.flipper:flipper:0.182.0] AndroidManifest.xml:16:5-76
13-->[com.facebook.flipper:flipper:0.182.0] AndroidManifest.xml:16:22-73
14    <uses-permission android:name="android.permission.WAKE_LOCK" />
14-->[:react-native-firebase_auth] AndroidManifest.xml:8:5-68
14-->[:react-native-firebase_auth] AndroidManifest.xml:8:22-65
15    <uses-permission android:name="android.permission.ACCESS_NETWORK_STATE" /> <!-- Required by older versions of Google Play services to create IID tokens -->
15-->[:react-native-firebase_auth] AndroidManifest.xml:9:5-79
15-->[:react-native-firebase_auth] AndroidManifest.xml:9:22-76
16    <uses-permission android:name="com.google.android.c2dm.permission.RECEIVE" />
16-->[com.google.android.gms:play-services-iid:17.0.0] AndroidManifest.xml:23:5-82
16-->[com.google.android.gms:play-services-iid:17.0.0] AndroidManifest.xml:23:22-79
17    <uses-permission android:name="com.google.android.finsky.permission.BIND_GET_INSTALL_REFERRER_SERVICE" />
17-->[com.android.installreferrer:installreferrer:1.1.2] AndroidManifest.xml:9:5-110
17-->[com.android.installreferrer:installreferrer:1.1.2] AndroidManifest.xml:9:22-107
18
19    <application
19-->src\main\AndroidManifest.xml:5:5-24:19
20        android:name="com.altrudonationappaneke.MainApplication"
20-->src\main\AndroidManifest.xml:6:7-38
21        android:allowBackup="false"
21-->src\main\AndroidManifest.xml:10:7-34
22        android:appComponentFactory="androidx.core.app.CoreComponentFactory"
22-->[androidx.core:core:1.7.0] AndroidManifest.xml:24:18-86
23        android:debuggable="true"
24        android:icon="@mipmap/ic_launcher"
24-->src\main\AndroidManifest.xml:8:7-41
25        android:label="@string/app_name"
25-->src\main\AndroidManifest.xml:7:7-39
26        android:roundIcon="@mipmap/ic_launcher_round"
26-->src\main\AndroidManifest.xml:9:7-52
27        android:theme="@style/BootTheme"
27-->src\main\AndroidManifest.xml:11:7-39
28        android:usesCleartextTraffic="true" >
28-->src\debug\AndroidManifest.xml:8:9-44
29        <activity
29-->src\debug\AndroidManifest.xml:11:9-111
30            android:name="com.facebook.react.devsupport.DevSettingsActivity"
30-->src\debug\AndroidManifest.xml:11:19-83
31            android:exported="false" />
31-->src\debug\AndroidManifest.xml:11:84-108
32        <activity
32-->src\main\AndroidManifest.xml:12:7-23:18
33            android:name="com.altrudonationappaneke.MainActivity"
33-->src\main\AndroidManifest.xml:13:9-37
34            android:configChanges="keyboard|keyboardHidden|orientation|screenLayout|screenSize|smallestScreenSize|uiMode"
34-->src\main\AndroidManifest.xml:15:9-118
35            android:exported="true"
35-->src\main\AndroidManifest.xml:18:9-32
36            android:label="@string/app_name"
36-->src\main\AndroidManifest.xml:14:9-41
37            android:launchMode="singleTask"
37-->src\main\AndroidManifest.xml:16:9-40
38            android:windowSoftInputMode="adjustResize" >
38-->src\main\AndroidManifest.xml:17:9-51
39            <intent-filter>
39-->src\main\AndroidManifest.xml:19:9-22:25
40                <action android:name="android.intent.action.MAIN" />
40-->src\main\AndroidManifest.xml:20:13-65
40-->src\main\AndroidManifest.xml:20:21-62
41
42                <category android:name="android.intent.category.LAUNCHER" />
42-->src\main\AndroidManifest.xml:21:13-73
42-->src\main\AndroidManifest.xml:21:23-70
43            </intent-filter>
44        </activity>
45
46        <meta-data
46-->[:react-native-firebase_app] AndroidManifest.xml:9:9-11:36
47            android:name="app_data_collection_default_enabled"
47-->[:react-native-firebase_app] AndroidManifest.xml:10:13-63
48            android:value="true" />
48-->[:react-native-firebase_app] AndroidManifest.xml:11:13-33
49
50        <service
50-->[:react-native-firebase_app] AndroidManifest.xml:13:9-21:19
51            android:name="com.google.firebase.components.ComponentDiscoveryService"
51-->[:react-native-firebase_app] AndroidManifest.xml:14:13-84
52            android:directBootAware="true"
52-->[:react-native-firebase_app] AndroidManifest.xml:15:13-43
53            android:exported="false" >
53-->[:react-native-firebase_app] AndroidManifest.xml:16:13-37
54            <meta-data
54-->[:react-native-firebase_app] AndroidManifest.xml:18:13-20:85
55                android:name="com.google.firebase.components:io.invertase.firebase.app.ReactNativeFirebaseAppRegistrar"
55-->[:react-native-firebase_app] AndroidManifest.xml:19:17-120
56                android:value="com.google.firebase.components.ComponentRegistrar" />
56-->[:react-native-firebase_app] AndroidManifest.xml:20:17-82
57            <meta-data
57-->[com.google.firebase:firebase-auth:22.1.1] AndroidManifest.xml:69:13-71:85
58                android:name="com.google.firebase.components:com.google.firebase.auth.FirebaseAuthRegistrar"
58-->[com.google.firebase:firebase-auth:22.1.1] AndroidManifest.xml:70:17-109
59                android:value="com.google.firebase.components.ComponentRegistrar" />
59-->[com.google.firebase:firebase-auth:22.1.1] AndroidManifest.xml:71:17-82
60        </service>
61
62        <provider
62-->[:react-native-firebase_app] AndroidManifest.xml:23:9-27:38
63            android:name="io.invertase.firebase.app.ReactNativeFirebaseAppInitProvider"
63-->[:react-native-firebase_app] AndroidManifest.xml:24:13-88
64            android:authorities="com.altrudonationappaneke.reactnativefirebaseappinitprovider"
64-->[:react-native-firebase_app] AndroidManifest.xml:25:13-86
65            android:exported="false"
65-->[:react-native-firebase_app] AndroidManifest.xml:26:13-37
66            android:initOrder="99" />
66-->[:react-native-firebase_app] AndroidManifest.xml:27:13-35
67        <provider
67-->[:react-native-webview] AndroidManifest.xml:8:9-16:20
68            android:name="com.reactnativecommunity.webview.RNCWebViewFileProvider"
68-->[:react-native-webview] AndroidManifest.xml:9:13-83
69            android:authorities="com.altrudonationappaneke.fileprovider"
69-->[:react-native-webview] AndroidManifest.xml:10:13-64
70            android:exported="false"
70-->[:react-native-webview] AndroidManifest.xml:11:13-37
71            android:grantUriPermissions="true" >
71-->[:react-native-webview] AndroidManifest.xml:12:13-47
72            <meta-data
72-->[:react-native-webview] AndroidManifest.xml:13:13-15:63
73                android:name="android.support.FILE_PROVIDER_PATHS"
73-->[:react-native-webview] AndroidManifest.xml:14:17-67
74                android:resource="@xml/file_provider_paths" />
74-->[:react-native-webview] AndroidManifest.xml:15:17-60
75        </provider>
76
77        <activity
77-->[com.google.firebase:firebase-auth:22.1.1] AndroidManifest.xml:29:9-46:20
78            android:name="com.google.firebase.auth.internal.GenericIdpActivity"
78-->[com.google.firebase:firebase-auth:22.1.1] AndroidManifest.xml:30:13-80
79            android:excludeFromRecents="true"
79-->[com.google.firebase:firebase-auth:22.1.1] AndroidManifest.xml:31:13-46
80            android:exported="true"
80-->[com.google.firebase:firebase-auth:22.1.1] AndroidManifest.xml:32:13-36
81            android:launchMode="singleTask"
81-->[com.google.firebase:firebase-auth:22.1.1] AndroidManifest.xml:33:13-44
82            android:theme="@android:style/Theme.Translucent.NoTitleBar" >
82-->[com.google.firebase:firebase-auth:22.1.1] AndroidManifest.xml:34:13-72
83            <intent-filter>
83-->[com.google.firebase:firebase-auth:22.1.1] AndroidManifest.xml:35:13-45:29
84                <action android:name="android.intent.action.VIEW" />
84-->[com.google.firebase:firebase-auth:22.1.1] AndroidManifest.xml:36:17-69
84-->[com.google.firebase:firebase-auth:22.1.1] AndroidManifest.xml:36:25-66
85
86                <category android:name="android.intent.category.DEFAULT" />
86-->[com.google.firebase:firebase-auth:22.1.1] AndroidManifest.xml:38:17-76
86-->[com.google.firebase:firebase-auth:22.1.1] AndroidManifest.xml:38:27-73
87                <category android:name="android.intent.category.BROWSABLE" />
87-->[com.google.firebase:firebase-auth:22.1.1] AndroidManifest.xml:39:17-78
87-->[com.google.firebase:firebase-auth:22.1.1] AndroidManifest.xml:39:27-75
88
89                <data
89-->[com.google.firebase:firebase-auth:22.1.1] AndroidManifest.xml:41:17-44:51
90                    android:host="firebase.auth"
90-->[com.google.firebase:firebase-auth:22.1.1] AndroidManifest.xml:42:21-49
91                    android:path="/"
91-->[com.google.firebase:firebase-auth:22.1.1] AndroidManifest.xml:43:21-37
92                    android:scheme="genericidp" />
92-->[com.google.firebase:firebase-auth:22.1.1] AndroidManifest.xml:44:21-48
93            </intent-filter>
94        </activity>
95        <activity
95-->[com.google.firebase:firebase-auth:22.1.1] AndroidManifest.xml:47:9-64:20
96            android:name="com.google.firebase.auth.internal.RecaptchaActivity"
96-->[com.google.firebase:firebase-auth:22.1.1] AndroidManifest.xml:48:13-79
97            android:excludeFromRecents="true"
97-->[com.google.firebase:firebase-auth:22.1.1] AndroidManifest.xml:49:13-46
98            android:exported="true"
98-->[com.google.firebase:firebase-auth:22.1.1] AndroidManifest.xml:50:13-36
99            android:launchMode="singleTask"
99-->[com.google.firebase:firebase-auth:22.1.1] AndroidManifest.xml:51:13-44
100            android:theme="@android:style/Theme.Translucent.NoTitleBar" >
100-->[com.google.firebase:firebase-auth:22.1.1] AndroidManifest.xml:52:13-72
101            <intent-filter>
101-->[com.google.firebase:firebase-auth:22.1.1] AndroidManifest.xml:53:13-63:29
102                <action android:name="android.intent.action.VIEW" />
102-->[com.google.firebase:firebase-auth:22.1.1] AndroidManifest.xml:36:17-69
102-->[com.google.firebase:firebase-auth:22.1.1] AndroidManifest.xml:36:25-66
103
104                <category android:name="android.intent.category.DEFAULT" />
104-->[com.google.firebase:firebase-auth:22.1.1] AndroidManifest.xml:38:17-76
104-->[com.google.firebase:firebase-auth:22.1.1] AndroidManifest.xml:38:27-73
105                <category android:name="android.intent.category.BROWSABLE" />
105-->[com.google.firebase:firebase-auth:22.1.1] AndroidManifest.xml:39:17-78
105-->[com.google.firebase:firebase-auth:22.1.1] AndroidManifest.xml:39:27-75
106
107                <data
107-->[com.google.firebase:firebase-auth:22.1.1] AndroidManifest.xml:41:17-44:51
108                    android:host="firebase.auth"
108-->[com.google.firebase:firebase-auth:22.1.1] AndroidManifest.xml:42:21-49
109                    android:path="/"
109-->[com.google.firebase:firebase-auth:22.1.1] AndroidManifest.xml:43:21-37
110                    android:scheme="recaptcha" />
110-->[com.google.firebase:firebase-auth:22.1.1] AndroidManifest.xml:44:21-48
111            </intent-filter>
112        </activity>
113        <activity
113-->[com.google.android.gms:play-services-auth:20.6.0] AndroidManifest.xml:23:9-27:75
114            android:name="com.google.android.gms.auth.api.signin.internal.SignInHubActivity"
114-->[com.google.android.gms:play-services-auth:20.6.0] AndroidManifest.xml:24:13-93
115            android:excludeFromRecents="true"
115-->[com.google.android.gms:play-services-auth:20.6.0] AndroidManifest.xml:25:13-46
116            android:exported="false"
116-->[com.google.android.gms:play-services-auth:20.6.0] AndroidManifest.xml:26:13-37
117            android:theme="@android:style/Theme.Translucent.NoTitleBar" />
117-->[com.google.android.gms:play-services-auth:20.6.0] AndroidManifest.xml:27:13-72
118        <!--
119            Service handling Google Sign-In user revocation. For apps that do not integrate with
120            Google Sign-In, this service will never be started.
121        -->
122        <service
122-->[com.google.android.gms:play-services-auth:20.6.0] AndroidManifest.xml:33:9-37:51
123            android:name="com.google.android.gms.auth.api.signin.RevocationBoundService"
123-->[com.google.android.gms:play-services-auth:20.6.0] AndroidManifest.xml:34:13-89
124            android:exported="true"
124-->[com.google.android.gms:play-services-auth:20.6.0] AndroidManifest.xml:35:13-36
125            android:permission="com.google.android.gms.auth.api.signin.permission.REVOCATION_NOTIFICATION"
125-->[com.google.android.gms:play-services-auth:20.6.0] AndroidManifest.xml:36:13-107
126            android:visibleToInstantApps="true" />
126-->[com.google.android.gms:play-services-auth:20.6.0] AndroidManifest.xml:37:13-48
127
128        <activity
128-->[com.google.android.gms:play-services-base:18.0.1] AndroidManifest.xml:20:9-22:45
129            android:name="com.google.android.gms.common.api.GoogleApiActivity"
129-->[com.google.android.gms:play-services-base:18.0.1] AndroidManifest.xml:20:19-85
130            android:exported="false"
130-->[com.google.android.gms:play-services-base:18.0.1] AndroidManifest.xml:22:19-43
131            android:theme="@android:style/Theme.Translucent.NoTitleBar" />
131-->[com.google.android.gms:play-services-base:18.0.1] AndroidManifest.xml:21:19-78
132
133        <provider
133-->[com.google.firebase:firebase-common:20.3.3] AndroidManifest.xml:25:9-30:39
134            android:name="com.google.firebase.provider.FirebaseInitProvider"
134-->[com.google.firebase:firebase-common:20.3.3] AndroidManifest.xml:26:13-77
135            android:authorities="com.altrudonationappaneke.firebaseinitprovider"
135-->[com.google.firebase:firebase-common:20.3.3] AndroidManifest.xml:27:13-72
136            android:directBootAware="true"
136-->[com.google.firebase:firebase-common:20.3.3] AndroidManifest.xml:28:13-43
137            android:exported="false"
137-->[com.google.firebase:firebase-common:20.3.3] AndroidManifest.xml:29:13-37
138            android:initOrder="100" />
138-->[com.google.firebase:firebase-common:20.3.3] AndroidManifest.xml:30:13-36
139
140        <meta-data
140-->[com.google.android.gms:play-services-basement:18.2.0] AndroidManifest.xml:21:9-23:69
141            android:name="com.google.android.gms.version"
141-->[com.google.android.gms:play-services-basement:18.2.0] AndroidManifest.xml:22:13-58
142            android:value="@integer/google_play_services_version" />
142-->[com.google.android.gms:play-services-basement:18.2.0] AndroidManifest.xml:23:13-66
143
144        <provider
144-->[androidx.emoji2:emoji2:1.0.0] AndroidManifest.xml:26:9-34:20
145            android:name="androidx.startup.InitializationProvider"
145-->[androidx.emoji2:emoji2:1.0.0] AndroidManifest.xml:27:13-67
146            android:authorities="com.altrudonationappaneke.androidx-startup"
146-->[androidx.emoji2:emoji2:1.0.0] AndroidManifest.xml:28:13-68
147            android:exported="false" >
147-->[androidx.emoji2:emoji2:1.0.0] AndroidManifest.xml:29:13-37
148            <meta-data
148-->[androidx.emoji2:emoji2:1.0.0] AndroidManifest.xml:31:13-33:52
149                android:name="androidx.emoji2.text.EmojiCompatInitializer"
149-->[androidx.emoji2:emoji2:1.0.0] AndroidManifest.xml:32:17-75
150                android:value="androidx.startup" />
150-->[androidx.emoji2:emoji2:1.0.0] AndroidManifest.xml:33:17-49
151            <meta-data
151-->[androidx.lifecycle:lifecycle-process:2.4.0] AndroidManifest.xml:31:13-33:52
152                android:name="androidx.lifecycle.ProcessLifecycleInitializer"
152-->[androidx.lifecycle:lifecycle-process:2.4.0] AndroidManifest.xml:32:17-78
153                android:value="androidx.startup" />
153-->[androidx.lifecycle:lifecycle-process:2.4.0] AndroidManifest.xml:33:17-49
154        </provider>
155
156        <meta-data
156-->[com.facebook.soloader:soloader:0.10.5] AndroidManifest.xml:12:9-14:37
157            android:name="com.facebook.soloader.enabled"
157-->[com.facebook.soloader:soloader:0.10.5] AndroidManifest.xml:13:13-57
158            android:value="false" />
158-->[com.facebook.soloader:soloader:0.10.5] AndroidManifest.xml:14:13-34
159    </application>
160
161</manifest>